<?xml version="1.0" encoding="UTF-8"?>
<!-- Generated by org.testng.reporters.JUnitReportReporter -->
<testsuite hostname="Shweta6" failures="0" tests="1" name="test.Assignment5.Program3TestNG" time="4.872" errors="0" timestamp="2023-09-07T16:02:34 IST" skipped="0">
  <testcase classname="test.Assignment5.Program3TestNG" name="verifyAutomationAnywhereLogoPresence" time="4.872"/>
</testsuite> <!-- test.Assignment5.Program3TestNG -->
