<?xml version="1.0" encoding="UTF-8"?>
<!-- Generated by org.testng.reporters.JUnitReportReporter -->
<testsuite hostname="Shweta6" failures="0" tests="5" name="test.Assignment5.Program4TestNG" time="24.220" errors="0" timestamp="2023-09-07T16:07:45 IST" skipped="0">
  <testcase classname="test.Assignment5.Program4TestNG" name="verifyProductsLink" time="7.121"/>
  <testcase classname="test.Assignment5.Program4TestNG" name="verifyResourcesLink" time="4.231"/>
  <testcase classname="test.Assignment5.Program4TestNG" name="verifyBeyondRPALink" time="1.577"/>
  <testcase classname="test.Assignment5.Program4TestNG" name="verifySolutionsLink" time="4.632"/>
  <testcase classname="test.Assignment5.Program4TestNG" name="verifyCompanyLink" time="6.659"/>
</testsuite> <!-- test.Assignment5.Program4TestNG -->
